[1/12] cl /c /Zp8 /GR /W3 /EHs /nologo /MD /D_CRT_SECURE_NO_DEPRECATE /D_SCL_SECURE_NO_DEPRECATE /D_SECURE_SCL=0   /DMATLAB_MEX_FILE  /DMATLAB_MEX_FILE /O2 /Oy- /DNDEBUG /fp:strict /I "." /I "C:\Users\brianhu\Desktop\Marketing Projects\CAL Project\Kalman Filter Integration Demo" /I ".\interface" /I "C:\Program Files\MATLAB\R2020a\extern\include" /I "." -DMODEL=kalman_loop_mex   kalman_loop_data.c /Fobuild\win64\kalman_loop_data.obj
kalman_loop_data.c
[2/12] cl /c /Zp8 /GR /W3 /EHs /nologo /MD /D_CRT_SECURE_NO_DEPRECATE /D_SCL_SECURE_NO_DEPRECATE /D_SECURE_SCL=0   /DMATLAB_MEX_FILE  /DMATLAB_MEX_FILE /O2 /Oy- /DNDEBUG /fp:strict /I "." /I "C:\Users\brianhu\Desktop\Marketing Projects\CAL Project\Kalman Filter Integration Demo" /I ".\interface" /I "C:\Program Files\MATLAB\R2020a\extern\include" /I "." -DMODEL=kalman_loop_mex   interface\_coder_kalman_loop_mex.c /Fobuild\win64\_coder_kalman_loop_mex.obj
_coder_kalman_loop_mex.c
[3/12] cl /c /Zp8 /GR /W3 /EHs /nologo /MD /D_CRT_SECURE_NO_DEPRECATE /D_SCL_SECURE_NO_DEPRECATE /D_SECURE_SCL=0   /DMATLAB_MEX_FILE  /DMATLAB_MEX_FILE /O2 /Oy- /DNDEBUG /fp:strict /I "." /I "C:\Users\brianhu\Desktop\Marketing Projects\CAL Project\Kalman Filter Integration Demo" /I ".\interface" /I "C:\Program Files\MATLAB\R2020a\extern\include" /I "." -DMODEL=kalman_loop_mex   kalmanfilter.c /Fobuild\win64\kalmanfilter.obj
kalmanfilter.c
[4/12] cl /c /Zp8 /GR /W3 /EHs /nologo /MD /D_CRT_SECURE_NO_DEPRECATE /D_SCL_SECURE_NO_DEPRECATE /D_SECURE_SCL=0   /DMATLAB_MEX_FILE  /DMATLAB_MEX_FILE /O2 /Oy- /DNDEBUG /fp:strict /I "." /I "C:\Users\brianhu\Desktop\Marketing Projects\CAL Project\Kalman Filter Integration Demo" /I ".\interface" /I "C:\Program Files\MATLAB\R2020a\extern\include" /I "." -DMODEL=kalman_loop_mex   kalman_loop_initialize.c /Fobuild\win64\kalman_loop_initialize.obj
kalman_loop_initialize.c
[5/12] cl /c /Zp8 /GR /W3 /EHs /nologo /MD /D_CRT_SECURE_NO_DEPRECATE /D_SCL_SECURE_NO_DEPRECATE /D_SECURE_SCL=0   /DMATLAB_MEX_FILE  /DMATLAB_MEX_FILE /O2 /Oy- /DNDEBUG /fp:strict /I "." /I "C:\Users\brianhu\Desktop\Marketing Projects\CAL Project\Kalman Filter Integration Demo" /I ".\interface" /I "C:\Program Files\MATLAB\R2020a\extern\include" /I "." -DMODEL=kalman_loop_mex   interface\_coder_kalman_loop_api.c /Fobuild\win64\_coder_kalman_loop_api.obj
_coder_kalman_loop_api.c
[6/12] cl /c /Zp8 /GR /W3 /EHs /nologo /MD /D_CRT_SECURE_NO_DEPRECATE /D_SCL_SECURE_NO_DEPRECATE /D_SECURE_SCL=0   /DMATLAB_MEX_FILE  /DMATLAB_MEX_FILE /O2 /Oy- /DNDEBUG /fp:strict /I "." /I "C:\Users\brianhu\Desktop\Marketing Projects\CAL Project\Kalman Filter Integration Demo" /I ".\interface" /I "C:\Program Files\MATLAB\R2020a\extern\include" /I "." -DMODEL=kalman_loop_mex   kalman_loop_terminate.c /Fobuild\win64\kalman_loop_terminate.obj
kalman_loop_terminate.c
[7/12] cl /c /Zp8 /GR /W3 /EHs /nologo /MD /D_CRT_SECURE_NO_DEPRECATE /D_SCL_SECURE_NO_DEPRECATE /D_SECURE_SCL=0   /DMATLAB_MEX_FILE  /DMATLAB_MEX_FILE /O2 /Oy- /DNDEBUG /fp:strict /I "." /I "C:\Users\brianhu\Desktop\Marketing Projects\CAL Project\Kalman Filter Integration Demo" /I ".\interface" /I "C:\Program Files\MATLAB\R2020a\extern\include" /I "." -DMODEL=kalman_loop_mex   warning.c /Fobuild\win64\warning.obj
warning.c
[8/12] cl /c /Zp8 /GR /W3 /EHs /nologo /MD /D_CRT_SECURE_NO_DEPRECATE /D_SCL_SECURE_NO_DEPRECATE /D_SECURE_SCL=0   /DMATLAB_MEX_FILE  /DMATLAB_MEX_FILE /O2 /Oy- /DNDEBUG /fp:strict /I "." /I "C:\Users\brianhu\Desktop\Marketing Projects\CAL Project\Kalman Filter Integration Demo" /I ".\interface" /I "C:\Program Files\MATLAB\R2020a\extern\include" /I "." -DMODEL=kalman_loop_mex   interface\_coder_kalman_loop_info.c /Fobuild\win64\_coder_kalman_loop_info.obj
_coder_kalman_loop_info.c
[9/12] cl /c /Zp8 /GR /W3 /EHs /nologo /MD /D_CRT_SECURE_NO_DEPRECATE /D_SCL_SECURE_NO_DEPRECATE /D_SECURE_SCL=0   /DMATLAB_MEX_FILE  /DMATLAB_MEX_FILE /O2 /Oy- /DNDEBUG /fp:strict /I "." /I "C:\Users\brianhu\Desktop\Marketing Projects\CAL Project\Kalman Filter Integration Demo" /I ".\interface" /I "C:\Program Files\MATLAB\R2020a\extern\include" /I "." -DMODEL=kalman_loop_mex   rt_nonfinite.c /Fobuild\win64\rt_nonfinite.obj
rt_nonfinite.c
[10/12] cl /c /Zp8 /GR /W3 /EHs /nologo /MD /D_CRT_SECURE_NO_DEPRECATE /D_SCL_SECURE_NO_DEPRECATE /D_SECURE_SCL=0   /DMATLAB_MEX_FILE  /DMATLAB_MEX_FILE /O2 /Oy- /DNDEBUG /fp:strict /I "." /I "C:\Users\brianhu\Desktop\Marketing Projects\CAL Project\Kalman Filter Integration Demo" /I ".\interface" /I "C:\Program Files\MATLAB\R2020a\extern\include" /I "." -DMODEL=kalman_loop_mex   "C:\Program Files\MATLAB\R2020a\extern\version\c_mexapi_version.c" /Fobuild\win64\c_mexapi_version.obj
c_mexapi_version.c
[11/12] cl /c /Zp8 /GR /W3 /EHs /nologo /MD /D_CRT_SECURE_NO_DEPRECATE /D_SCL_SECURE_NO_DEPRECATE /D_SECURE_SCL=0   /DMATLAB_MEX_FILE  /DMATLAB_MEX_FILE /O2 /Oy- /DNDEBUG /fp:strict /I "." /I "C:\Users\brianhu\Desktop\Marketing Projects\CAL Project\Kalman Filter Integration Demo" /I ".\interface" /I "C:\Program Files\MATLAB\R2020a\extern\include" /I "." -DMODEL=kalman_loop_mex   kalman_loop.c /Fobuild\win64\kalman_loop.obj
kalman_loop.c
[12/12] link @kalman_loop_mex.mexw64.rsp /nologo /manifest   /DLL /LIBPATH:"C:\Program Files\MATLAB\R2020a\extern\lib\win64\microsoft" libmx.lib libmex.lib libmat.lib kernel32.lib user32.lib gdi32.lib winspool.lib comdlg32.lib advapi32.lib shell32.lib ole32.lib oleaut32.lib uuid.lib odbc32.lib odbccp32.lib  /out:"kalman_loop_mex.mexw64" libemlrt.lib libcovrt.lib libut.lib libmwmathutil.lib  /export:mexFunction /export:mexfilerequiredapiversion /export:emlrtMexFcnProperties /export:kalman_loop_initialize /export:kalman_loop_terminate /export:kalman_loop_atexit /export:kalman_loop
   Creating library kalman_loop_mex.lib and object kalman_loop_mex.exp
